<?xml version="1.0" encoding="UTF-8"?>
<!-- Generated by org.testng.reporters.JUnitXMLReporter -->
<testsuite ignored="0" hostname="LAPTOP-JPAOG5NK" failures="0" tests="3" name="Register Demo" time="25.843" errors="0" timestamp="2022-11-14T15:24:38 IST">
  <testcase classname="com.telus.registration.RegisterDemoTestNG" name="navigateToRegisterDemo" time="1.582"/>
  <testcase classname="com.telus.registration.RegisterDemoTestNG" name="registerDemo" time="3.321"/>
  <testcase classname="com.telus.registration.RegisterDemoTestNG" name="validateSuccessfullMsg" time="0.053"/>
</testsuite> <!-- Register Demo -->
